[2022-11-19T00:59:16.763] [INFO] http - ::1 - - "POST /articles/ HTTP/1.1" 200 361 "" "PostmanRuntime/7.28.2"
[2022-11-19T00:59:31.593] [INFO] http - ::1 - - "POST /articles/ HTTP/1.1" 200 333 "" "PostmanRuntime/7.28.2"
[2022-11-19T00:59:48.718] [INFO] http - ::1 - - "POST /articles/ HTTP/1.1" 200 317 "" "PostmanRuntime/7.28.2"
[2022-11-19T01:04:17.481] [INFO] http - ::1 - - "GET /articles/ HTTP/1.1" 200 7 "" "PostmanRuntime/7.28.2"
[2022-11-19T01:06:08.233] [INFO] http - ::1 - - "GET /articles/ HTTP/1.1" 200 943 "" "PostmanRuntime/7.28.2"
[2022-11-19T01:26:05.239] [INFO] http - ::1 - - "GET /articles?limit=2&page=1 HTTP/1.1" 200 59 "" "PostmanRuntime/7.28.2"
[2022-11-19T01:26:30.835] [INFO] http - ::1 - - "GET /articles?limit=1&page=1 HTTP/1.1" 200 59 "" "PostmanRuntime/7.28.2"
[2022-11-19T01:26:32.303] [INFO] http - ::1 - - "GET /articles?limit=1&page=1 HTTP/1.1" 200 59 "" "PostmanRuntime/7.28.2"
[2022-11-19T01:26:44.493] [INFO] http - ::1 - - "GET /articles/?limit=1&page=1 HTTP/1.1" 200 59 "" "PostmanRuntime/7.28.2"
[2022-11-19T01:26:45.539] [INFO] http - ::1 - - "GET /articles/?limit=1&page=1 HTTP/1.1" 200 59 "" "PostmanRuntime/7.28.2"
[2022-11-19T01:26:47.255] [INFO] http - ::1 - - "GET /articles/?limit=1&page=1 HTTP/1.1" 200 59 "" "PostmanRuntime/7.28.2"
[2022-11-19T01:27:08.753] [INFO] http - ::1 - - "GET /articles?limit=1&page=1 HTTP/1.1" 200 59 "" "PostmanRuntime/7.28.2"
[2022-11-19T01:32:09.368] [INFO] http - ::1 - - "GET /articles?limit=1&page=1 HTTP/1.1" 200 59 "" "PostmanRuntime/7.28.2"
[2022-11-19T01:32:17.078] [INFO] http - ::1 - - "GET /articles/ HTTP/1.1" 200 59 "" "PostmanRuntime/7.28.2"
[2022-11-19T01:32:23.293] [INFO] http - ::1 - - "GET /articles/ HTTP/1.1" 200 59 "" "PostmanRuntime/7.28.2"
[2022-11-19T01:32:23.754] [INFO] http - ::1 - - "GET /articles/ HTTP/1.1" 200 59 "" "PostmanRuntime/7.28.2"
[2022-11-19T01:32:24.455] [INFO] http - ::1 - - "GET /articles/ HTTP/1.1" 200 59 "" "PostmanRuntime/7.28.2"
[2022-11-19T01:36:58.115] [INFO] http - ::1 - - "GET /articles/ HTTP/1.1" 200 59 "" "PostmanRuntime/7.28.2"
[2022-11-19T01:37:43.040] [INFO] http - ::1 - - "GET /articles/ HTTP/1.1" 200 59 "" "PostmanRuntime/7.28.2"
[2022-11-19T01:37:44.075] [INFO] http - ::1 - - "GET /articles/ HTTP/1.1" 200 59 "" "PostmanRuntime/7.28.2"
[2022-11-19T01:37:44.852] [INFO] http - ::1 - - "GET /articles/ HTTP/1.1" 200 59 "" "PostmanRuntime/7.28.2"
[2022-11-19T01:38:38.412] [INFO] http - ::1 - - "GET /articles/ HTTP/1.1" 200 59 "" "PostmanRuntime/7.28.2"
[2022-11-19T01:39:42.924] [INFO] http - ::1 - - "GET /articles/?limit=1&page=1 HTTP/1.1" 200 59 "" "PostmanRuntime/7.28.2"
[2022-11-19T01:39:44.100] [INFO] http - ::1 - - "GET /articles/?limit=1&page=1 HTTP/1.1" 200 59 "" "PostmanRuntime/7.28.2"
[2022-11-19T01:42:37.020] [INFO] http - ::1 - - "POST /articles/ HTTP/1.1" 200 299 "" "PostmanRuntime/7.28.2"
[2022-11-19T01:42:59.012] [INFO] http - ::1 - - "POST /articles/ HTTP/1.1" 200 308 "" "PostmanRuntime/7.28.2"
[2022-11-19T01:43:13.473] [INFO] http - ::1 - - "POST /articles/ HTTP/1.1" 200 307 "" "PostmanRuntime/7.28.2"
[2022-11-19T01:44:27.633] [INFO] http - ::1 - - "GET /articles/?limit=1&page=1 HTTP/1.1" 200 1731 "" "PostmanRuntime/7.28.2"
[2022-11-19T01:44:44.117] [INFO] http - ::1 - - "GET /articles/?limit=1&page=1 HTTP/1.1" 200 1731 "" "PostmanRuntime/7.28.2"
[2022-11-19T01:45:01.554] [INFO] http - ::1 - - "GET /articles?limit=1&page=1 HTTP/1.1" 200 1731 "" "PostmanRuntime/7.28.2"
[2022-11-19T01:47:47.686] [INFO] http - ::1 - - "GET /articles?limit=1&page=1 HTTP/1.1" 200 1731 "" "PostmanRuntime/7.28.2"
[2022-11-19T01:49:22.934] [INFO] http - ::1 - - "POST /articles/ HTTP/1.1" 200 307 "" "PostmanRuntime/7.28.2"
[2022-11-19T01:49:43.751] [INFO] http - ::1 - - "POST /articles/ HTTP/1.1" 200 307 "" "PostmanRuntime/7.28.2"
[2022-11-19T01:50:03.268] [INFO] http - ::1 - - "POST /articles/ HTTP/1.1" 200 304 "" "PostmanRuntime/7.28.2"
[2022-11-19T01:50:34.828] [INFO] http - ::1 - - "POST /articles/ HTTP/1.1" 200 363 "" "PostmanRuntime/7.28.2"
[2022-11-19T01:50:41.949] [INFO] http - ::1 - - "POST /articles/ HTTP/1.1" 200 317 "" "PostmanRuntime/7.28.2"
[2022-11-19T01:51:01.420] [INFO] http - ::1 - - "POST /articles/ HTTP/1.1" 200 309 "" "PostmanRuntime/7.28.2"
[2022-11-19T01:51:26.469] [INFO] http - ::1 - - "POST /articles/ HTTP/1.1" 200 411 "" "PostmanRuntime/7.28.2"
[2022-11-19T01:51:33.353] [INFO] http - ::1 - - "GET /articles?limit=1&page=1 HTTP/1.1" 200 2082 "" "PostmanRuntime/7.28.2"
[2022-11-19T01:52:15.990] [INFO] http - ::1 - - "POST /articles/ HTTP/1.1" 200 306 "" "PostmanRuntime/7.28.2"
[2022-11-19T01:52:55.605] [INFO] http - ::1 - - "POST /articles/ HTTP/1.1" 200 338 "" "PostmanRuntime/7.28.2"
[2022-11-19T01:53:10.867] [INFO] http - ::1 - - "POST /articles/ HTTP/1.1" 200 335 "" "PostmanRuntime/7.28.2"
[2022-11-19T01:53:16.104] [INFO] http - ::1 - - "GET /articles?limit=1&page=1 HTTP/1.1" 200 2936 "" "PostmanRuntime/7.28.2"
[2022-11-19T01:53:53.835] [INFO] http - ::1 - - "GET /articles?limit=1&page=1 HTTP/1.1" 200 59 "" "PostmanRuntime/7.28.2"
[2022-11-19T01:54:26.440] [INFO] http - ::1 - - "GET /articles?limit=1&page=1&type=blogs HTTP/1.1" 200 59 "" "PostmanRuntime/7.28.2"
[2022-11-19T01:54:47.770] [INFO] http - ::1 - - "GET /articles HTTP/1.1" 200 59 "" "PostmanRuntime/7.28.2"
[2022-11-19T01:54:48.918] [INFO] http - ::1 - - "GET /articles HTTP/1.1" 200 59 "" "PostmanRuntime/7.28.2"
[2022-11-19T01:54:50.084] [INFO] http - ::1 - - "GET /articles HTTP/1.1" 200 59 "" "PostmanRuntime/7.28.2"
[2022-11-19T02:00:23.669] [INFO] http - ::1 - - "GET /articles HTTP/1.1" 200 59 "" "PostmanRuntime/7.28.2"
[2022-11-19T02:00:24.773] [INFO] http - ::1 - - "GET /articles HTTP/1.1" 200 59 "" "PostmanRuntime/7.28.2"
[2022-11-19T02:00:29.802] [INFO] http - ::1 - - "GET /articles?limit=1&page=1 HTTP/1.1" 200 59 "" "PostmanRuntime/7.28.2"
[2022-11-19T02:00:30.822] [INFO] http - ::1 - - "GET /articles?limit=1&page=1 HTTP/1.1" 200 59 "" "PostmanRuntime/7.28.2"
[2022-11-19T02:00:33.421] [INFO] http - ::1 - - "GET /articles?limit=1&page=1 HTTP/1.1" 200 59 "" "PostmanRuntime/7.28.2"
[2022-11-19T02:00:34.022] [INFO] http - ::1 - - "GET /articles?limit=1&page=1 HTTP/1.1" 200 59 "" "PostmanRuntime/7.28.2"
[2022-11-19T02:00:36.777] [INFO] http - ::1 - - "GET /articles?limit=1&page=1 HTTP/1.1" 200 59 "" "PostmanRuntime/7.28.2"
[2022-11-19T02:00:37.629] [INFO] http - ::1 - - "GET /articles?limit=1&page=1 HTTP/1.1" 200 59 "" "PostmanRuntime/7.28.2"
[2022-11-19T02:00:38.222] [INFO] http - ::1 - - "GET /articles?limit=1&page=1 HTTP/1.1" 200 59 "" "PostmanRuntime/7.28.2"
[2022-11-19T02:01:32.149] [INFO] http - ::1 - - "GET /articles?limit=1&page=1 HTTP/1.1" 200 59 "" "PostmanRuntime/7.28.2"
[2022-11-19T02:01:33.054] [INFO] http - ::1 - - "GET /articles?limit=1&page=1 HTTP/1.1" 200 59 "" "PostmanRuntime/7.28.2"
[2022-11-19T02:02:23.823] [INFO] http - ::1 - - "POST /articles/ HTTP/1.1" 200 311 "" "PostmanRuntime/7.28.2"
[2022-11-19T02:02:35.053] [INFO] http - ::1 - - "GET /articles?limit=1&page=1 HTTP/1.1" 200 332 "" "PostmanRuntime/7.28.2"
[2022-11-19T02:04:41.529] [INFO] http - ::1 - - "POST /articles/ HTTP/1.1" 200 305 "" "PostmanRuntime/7.28.2"
[2022-11-19T02:04:50.201] [INFO] http - ::1 - - "POST /articles/ HTTP/1.1" 200 300 "" "PostmanRuntime/7.28.2"
[2022-11-19T02:05:02.326] [INFO] http - ::1 - - "POST /articles/ HTTP/1.1" 200 334 "" "PostmanRuntime/7.28.2"
[2022-11-19T02:05:11.218] [INFO] http - ::1 - - "POST /articles/ HTTP/1.1" 200 317 "" "PostmanRuntime/7.28.2"
[2022-11-19T02:05:28.287] [INFO] http - ::1 - - "POST /articles/ HTTP/1.1" 200 319 "" "PostmanRuntime/7.28.2"
[2022-11-19T02:05:45.656] [INFO] http - ::1 - - "POST /articles/ HTTP/1.1" 200 314 "" "PostmanRuntime/7.28.2"
[2022-11-19T02:06:12.220] [INFO] http - ::1 - - "POST /articles/ HTTP/1.1" 200 320 "" "PostmanRuntime/7.28.2"
[2022-11-19T02:06:20.691] [INFO] http - ::1 - - "POST /articles/ HTTP/1.1" 200 306 "" "PostmanRuntime/7.28.2"
[2022-11-19T02:06:37.033] [INFO] http - ::1 - - "GET /articles?page=1&limit=5 HTTP/1.1" 200 1449 "" "PostmanRuntime/7.28.2"
[2022-11-19T02:07:14.906] [INFO] http - ::1 - - "GET /articles?limit=5&page=2 HTTP/1.1" 200 1160 "" "PostmanRuntime/7.28.2"
[2022-11-19T08:36:31.853] [INFO] http - ::1 - - "GET /articles?limit=5&page=2&type=blogs HTTP/1.1" 200 1160 "" "PostmanRuntime/7.28.2"
[2022-11-19T08:38:12.506] [INFO] http - ::1 - - "GET /articles?limit=5&page=2&type=blogs HTTP/1.1" 200 1160 "" "PostmanRuntime/7.28.2"
[2022-11-19T08:43:03.627] [ERROR] http - ::1 - - "GET /articles/1 HTTP/1.1" 500 88 "" "PostmanRuntime/7.28.2"
[2022-11-19T08:44:18.637] [ERROR] http - ::1 - - "GET /articles/1 HTTP/1.1" 500 100 "" "PostmanRuntime/7.28.2"
[2022-11-19T08:46:42.012] [INFO] http - ::1 - - "GET /articles/1 HTTP/1.1" 200 42 "" "PostmanRuntime/7.28.2"
[2022-11-19T08:46:49.116] [INFO] http - ::1 - - "GET /articles/2 HTTP/1.1" 200 42 "" "PostmanRuntime/7.28.2"
[2022-11-19T08:46:52.378] [INFO] http - ::1 - - "GET /articles/20 HTTP/1.1" 200 334 "" "PostmanRuntime/7.28.2"
[2022-11-19T08:47:38.418] [INFO] http - ::1 - - "GET /articles/ HTTP/1.1" 200 1449 "" "PostmanRuntime/7.28.2"
[2022-11-19T08:47:45.683] [ERROR] http - ::1 - - "GET /articles/svd HTTP/1.1" 400 74 "" "PostmanRuntime/7.28.2"
[2022-11-19T08:47:54.963] [INFO] http - ::1 - - "GET /articles/12 HTTP/1.1" 200 42 "" "PostmanRuntime/7.28.2"
[2022-11-19T08:47:58.454] [INFO] http - ::1 - - "GET /articles/20 HTTP/1.1" 200 334 "" "PostmanRuntime/7.28.2"
[2022-11-19T08:49:33.459] [ERROR] http - ::1 - - "GET /articles/2 HTTP/1.1" 404 73 "" "PostmanRuntime/7.28.2"
[2022-11-19T08:49:44.982] [INFO] http - ::1 - - "GET /articles/20 HTTP/1.1" 200 334 "" "PostmanRuntime/7.28.2"
[2022-11-19T08:52:42.393] [INFO] http - ::1 - - "GET /articles/20 HTTP/1.1" 200 512 "" "PostmanRuntime/7.28.2"
[2022-11-19T08:52:50.625] [INFO] http - ::1 - - "GET /articles/20 HTTP/1.1" 200 512 "" "PostmanRuntime/7.28.2"
[2022-11-19T08:53:11.087] [INFO] http - ::1 - - "GET /articles/20 HTTP/1.1" 200 512 "" "PostmanRuntime/7.28.2"
[2022-11-19T08:54:29.833] [INFO] http - ::1 - - "GET /articles/20 HTTP/1.1" 200 512 "" "PostmanRuntime/7.28.2"
[2022-11-19T08:54:32.980] [INFO] http - ::1 - - "GET /articles/22 HTTP/1.1" 200 497 "" "PostmanRuntime/7.28.2"
[2022-11-19T09:14:42.469] [INFO] http - ::1 - - "GET /articles/22 HTTP/1.1" 200 497 "" "PostmanRuntime/7.28.2"
[2022-11-19T09:14:45.480] [INFO] http - ::1 - - "GET /articles/22 HTTP/1.1" 200 497 "" "PostmanRuntime/7.28.2"
[2022-11-19T09:14:46.296] [INFO] http - ::1 - - "GET /articles/22 HTTP/1.1" 200 497 "" "PostmanRuntime/7.28.2"
[2022-11-19T09:19:29.505] [INFO] http - ::1 - - "GET /articles/22 HTTP/1.1" 200 419 "" "PostmanRuntime/7.28.2"
[2022-11-19T09:25:59.754] [ERROR] http - ::1 - - "PUT /articles/22 HTTP/1.1" 404 - "" "PostmanRuntime/7.28.2"
[2022-11-19T09:26:33.635] [INFO] http - ::1 - - "PUT /articles/22 HTTP/1.1" 200 51 "" "PostmanRuntime/7.28.2"
[2022-11-19T09:26:44.573] [INFO] http - ::1 - - "PUT /articles/2 HTTP/1.1" 200 51 "" "PostmanRuntime/7.28.2"
[2022-11-19T09:37:20.153] [ERROR] http - ::1 - - "PUT /articles/20 HTTP/1.1" 500 72 "" "PostmanRuntime/7.28.2"
[2022-11-19T09:38:06.881] [ERROR] http - ::1 - - "PUT /articles/20 HTTP/1.1" 500 72 "" "PostmanRuntime/7.28.2"
[2022-11-19T09:43:32.768] [INFO] http - ::1 - - "GET /articles/22 HTTP/1.1" 200 419 "" "PostmanRuntime/7.28.2"
[2022-11-19T09:45:11.248] [INFO] http - ::1 - - "POST /users/login HTTP/1.1" 200 246 "" "PostmanRuntime/7.28.2"
[2022-11-19T09:45:28.052] [ERROR] http - ::1 - - "PUT /articles/20 HTTP/1.1" 500 72 "" "PostmanRuntime/7.28.2"
[2022-11-19T09:54:08.560] [INFO] http - ::1 - - "GET /articles/22 HTTP/1.1" 200 419 "" "PostmanRuntime/7.28.2"
[2022-11-19T09:54:14.562] [ERROR] http - ::1 - - "PUT /articles/20 HTTP/1.1" 500 72 "" "PostmanRuntime/7.28.2"
[2022-11-19T09:54:15.664] [ERROR] http - ::1 - - "PUT /articles/20 HTTP/1.1" 500 72 "" "PostmanRuntime/7.28.2"
[2022-11-19T09:54:16.517] [ERROR] http - ::1 - - "PUT /articles/20 HTTP/1.1" 500 72 "" "PostmanRuntime/7.28.2"
[2022-11-19T09:54:20.160] [ERROR] http - ::1 - - "PUT /articles/20 HTTP/1.1" 500 72 "" "PostmanRuntime/7.28.2"
[2022-11-19T09:54:21.412] [ERROR] http - ::1 - - "PUT /articles/20 HTTP/1.1" 500 72 "" "PostmanRuntime/7.28.2"
[2022-11-19T10:00:59.463] [ERROR] http - ::1 - - "PUT /articles/20 HTTP/1.1" 500 72 "" "PostmanRuntime/7.28.2"
[2022-11-19T10:02:06.578] [ERROR] http - ::1 - - "PUT /articles/20 HTTP/1.1" 500 75 "" "PostmanRuntime/7.28.2"
[2022-11-19T10:06:47.212] [ERROR] http - ::1 - - "PUT /articles/20 HTTP/1.1" 500 75 "" "PostmanRuntime/7.28.2"
[2022-11-19T10:06:48.291] [ERROR] http - ::1 - - "PUT /articles/20 HTTP/1.1" 500 75 "" "PostmanRuntime/7.28.2"
[2022-11-19T10:06:49.061] [ERROR] http - ::1 - - "PUT /articles/20 HTTP/1.1" 500 75 "" "PostmanRuntime/7.28.2"
[2022-11-19T10:06:49.813] [ERROR] http - ::1 - - "PUT /articles/20 HTTP/1.1" 500 75 "" "PostmanRuntime/7.28.2"
[2022-11-19T10:06:50.688] [ERROR] http - ::1 - - "PUT /articles/20 HTTP/1.1" 500 75 "" "PostmanRuntime/7.28.2"
[2022-11-19T10:13:10.515] [ERROR] http - ::1 - - "PUT /articles/20 HTTP/1.1" 500 75 "" "PostmanRuntime/7.28.2"
[2022-11-19T10:40:00.926] [INFO] http - ::1 - - "PUT /articles/20 HTTP/1.1" 201 294 "" "PostmanRuntime/7.28.2"
[2022-11-19T10:40:20.370] [INFO] http - ::1 - - "PUT /articles/20 HTTP/1.1" 201 294 "" "PostmanRuntime/7.28.2"
[2022-11-19T12:45:35.450] [ERROR] http - ::1 - - "PUT /articles/20 HTTP/1.1" 500 62 "" "PostmanRuntime/7.28.2"
[2022-11-19T12:45:46.833] [INFO] http - ::1 - - "PUT /articles/20 HTTP/1.1" 201 379 "" "PostmanRuntime/7.28.2"
[2022-11-19T12:46:03.017] [ERROR] http - ::1 - - "PUT /articles/20 HTTP/1.1" 500 62 "" "PostmanRuntime/7.28.2"
[2022-11-19T12:46:39.463] [ERROR] http - ::1 - - "PUT /articles/20 HTTP/1.1" 500 62 "" "PostmanRuntime/7.28.2"
[2022-11-19T12:46:53.292] [INFO] http - ::1 - - "PUT /articles/20 HTTP/1.1" 201 379 "" "PostmanRuntime/7.28.2"
[2022-11-19T12:47:49.918] [ERROR] http - ::1 - - "PUT /articles/20 HTTP/1.1" 500 62 "" "PostmanRuntime/7.28.2"
[2022-11-19T12:50:07.822] [ERROR] http - ::1 - - "PUT /articles/20 HTTP/1.1" 400 90 "" "PostmanRuntime/7.28.2"
[2022-11-19T12:50:24.739] [INFO] http - ::1 - - "PUT /articles/20 HTTP/1.1" 201 258 "" "PostmanRuntime/7.28.2"
[2022-11-19T12:51:20.809] [INFO] http - ::1 - - "PUT /articles/20 HTTP/1.1" 201 367 "" "PostmanRuntime/7.28.2"
[2022-11-19T12:53:43.623] [ERROR] http - ::1 - - "DELETE /articles/22 HTTP/1.1" 401 59 "" "PostmanRuntime/7.28.2"
[2022-11-19T12:55:17.299] [INFO] http - ::1 - - "DELETE /articles/22 HTTP/1.1" 200 56 "" "PostmanRuntime/7.28.2"
[2022-11-19T13:01:30.273] [INFO] http - ::1 - - "DELETE /articles/25 HTTP/1.1" 204 42 "" "PostmanRuntime/7.28.2"
[2022-11-19T13:01:39.621] [INFO] http - ::1 - - "GET /articles?limit=5&page=2&type=blogs HTTP/1.1" 200 600 "" "PostmanRuntime/7.28.2"
[2022-11-19T13:01:51.127] [INFO] http - ::1 - - "GET /articles?limit=5&type=blogs&page=1 HTTP/1.1" 200 1443 "" "PostmanRuntime/7.28.2"
