[2022-11-13T17:18:03.407] [ERROR] http - ::1 - - "POST /users/login HTTP/1.1" 400 134 "" "PostmanRuntime/7.28.2"
[2022-11-13T17:18:18.231] [ERROR] http - ::1 - - "POST /users/login HTTP/1.1" 400 134 "" "PostmanRuntime/7.28.2"
[2022-11-13T17:18:22.089] [ERROR] http - ::1 - - "POST /users/login HTTP/1.1" 400 134 "" "PostmanRuntime/7.28.2"
[2022-11-13T17:18:28.362] [ERROR] http - ::1 - - "POST /users/login HTTP/1.1" 500 62 "" "PostmanRuntime/7.28.2"
[2022-11-13T17:18:38.336] [ERROR] http - ::1 - - "POST /users/login HTTP/1.1" 500 62 "" "PostmanRuntime/7.28.2"
[2022-11-13T17:18:50.663] [ERROR] http - ::1 - - "POST /users/login HTTP/1.1" 500 62 "" "PostmanRuntime/7.28.2"
[2022-11-13T17:30:18.701] [ERROR] http - ::1 - - "POST /users/login HTTP/1.1" 500 62 "" "PostmanRuntime/7.28.2"
[2022-11-13T17:30:19.663] [ERROR] http - ::1 - - "POST /users/login HTTP/1.1" 500 62 "" "PostmanRuntime/7.28.2"
[2022-11-13T17:30:20.051] [ERROR] http - ::1 - - "POST /users/login HTTP/1.1" 500 62 "" "PostmanRuntime/7.28.2"
[2022-11-13T17:30:20.377] [ERROR] http - ::1 - - "POST /users/login HTTP/1.1" 500 62 "" "PostmanRuntime/7.28.2"
[2022-11-13T17:30:20.744] [ERROR] http - ::1 - - "POST /users/login HTTP/1.1" 500 62 "" "PostmanRuntime/7.28.2"
[2022-11-13T17:30:21.103] [ERROR] http - ::1 - - "POST /users/login HTTP/1.1" 500 62 "" "PostmanRuntime/7.28.2"
[2022-11-13T17:30:32.365] [ERROR] http - ::1 - - "POST /users/login HTTP/1.1" 500 62 "" "PostmanRuntime/7.28.2"
[2022-11-13T17:30:33.445] [ERROR] http - ::1 - - "POST /users/login HTTP/1.1" 500 62 "" "PostmanRuntime/7.28.2"
[2022-11-13T17:30:36.078] [ERROR] http - ::1 - - "POST /users/login HTTP/1.1" 500 62 "" "PostmanRuntime/7.28.2"
[2022-11-13T17:30:36.698] [ERROR] http - ::1 - - "POST /users/login HTTP/1.1" 500 62 "" "PostmanRuntime/7.28.2"
[2022-11-13T17:30:39.809] [ERROR] http - ::1 - - "POST /users/login HTTP/1.1" 500 62 "" "PostmanRuntime/7.28.2"
[2022-11-13T17:32:43.094] [ERROR] http - ::1 - - "POST /users/login HTTP/1.1" 400 134 "" "PostmanRuntime/7.28.2"
[2022-11-13T17:33:38.802] [ERROR] http - ::1 - - "POST /users/login HTTP/1.1" 500 62 "" "PostmanRuntime/7.28.2"
[2022-11-13T17:33:48.202] [ERROR] http - ::1 - - "POST /users/login HTTP/1.1" 500 62 "" "PostmanRuntime/7.28.2"
[2022-11-13T17:33:48.952] [ERROR] http - ::1 - - "POST /users/login HTTP/1.1" 500 62 "" "PostmanRuntime/7.28.2"
[2022-11-13T17:33:49.320] [ERROR] http - ::1 - - "POST /users/login HTTP/1.1" 500 62 "" "PostmanRuntime/7.28.2"
[2022-11-13T17:33:49.758] [ERROR] http - ::1 - - "POST /users/login HTTP/1.1" 500 62 "" "PostmanRuntime/7.28.2"
[2022-11-13T17:33:50.268] [ERROR] http - ::1 - - "POST /users/login HTTP/1.1" 500 62 "" "PostmanRuntime/7.28.2"
[2022-11-13T18:58:25.112] [ERROR] http - ::1 - - "POST /users/login HTTP/1.1" 500 62 "" "PostmanRuntime/7.28.2"
[2022-11-13T18:58:27.553] [ERROR] http - ::1 - - "POST /users/login HTTP/1.1" 500 62 "" "PostmanRuntime/7.28.2"
[2022-11-13T20:35:10.489] [ERROR] http - ::1 - - "POST /users/login HTTP/1.1" 500 62 "" "PostmanRuntime/7.28.2"
[2022-11-13T20:35:12.824] [ERROR] http - ::1 - - "POST /users/login HTTP/1.1" 500 62 "" "PostmanRuntime/7.28.2"
[2022-11-13T20:35:14.009] [ERROR] http - ::1 - - "POST /users/login HTTP/1.1" 500 62 "" "PostmanRuntime/7.28.2"
[2022-11-13T20:35:15.044] [ERROR] http - ::1 - - "POST /users/login HTTP/1.1" 500 62 "" "PostmanRuntime/7.28.2"
[2022-11-13T20:35:15.957] [ERROR] http - ::1 - - "POST /users/login HTTP/1.1" 500 62 "" "PostmanRuntime/7.28.2"
[2022-11-13T20:35:16.682] [ERROR] http - ::1 - - "POST /users/login HTTP/1.1" 500 62 "" "PostmanRuntime/7.28.2"
[2022-11-13T20:35:17.329] [ERROR] http - ::1 - - "POST /users/login HTTP/1.1" 500 62 "" "PostmanRuntime/7.28.2"
[2022-11-13T20:35:17.714] [ERROR] http - ::1 - - "POST /users/login HTTP/1.1" 500 62 "" "PostmanRuntime/7.28.2"
[2022-11-13T20:35:30.817] [ERROR] http - ::1 - - "POST /users/login HTTP/1.1" 500 62 "" "PostmanRuntime/7.28.2"
[2022-11-13T20:40:58.089] [ERROR] http - ::1 - - "POST /users/login HTTP/1.1" 500 62 "" "PostmanRuntime/7.28.2"
[2022-11-13T20:41:33.095] [ERROR] http - ::1 - - "POST /users/login HTTP/1.1" 500 62 "" "PostmanRuntime/7.28.2"
[2022-11-13T20:41:33.986] [ERROR] http - ::1 - - "POST /users/login HTTP/1.1" 500 62 "" "PostmanRuntime/7.28.2"
[2022-11-13T20:41:34.324] [ERROR] http - ::1 - - "POST /users/login HTTP/1.1" 500 62 "" "PostmanRuntime/7.28.2"
[2022-11-13T20:41:34.892] [ERROR] http - ::1 - - "POST /users/login HTTP/1.1" 500 62 "" "PostmanRuntime/7.28.2"
[2022-11-13T20:41:44.346] [ERROR] http - ::1 - - "POST /users/login HTTP/1.1" 500 62 "" "PostmanRuntime/7.28.2"
[2022-11-13T20:45:04.786] [ERROR] http - ::1 - - "POST /users/login HTTP/1.1" 500 62 "" "PostmanRuntime/7.28.2"
[2022-11-13T20:45:55.990] [ERROR] http - ::1 - - "POST /users/login HTTP/1.1" 500 62 "" "PostmanRuntime/7.28.2"
[2022-11-13T20:47:06.554] [ERROR] http - ::1 - - "POST /users/login HTTP/1.1" 500 62 "" "PostmanRuntime/7.28.2"
[2022-11-13T20:47:07.583] [ERROR] http - ::1 - - "POST /users/login HTTP/1.1" 500 62 "" "PostmanRuntime/7.28.2"
[2022-11-13T20:47:08.420] [ERROR] http - ::1 - - "POST /users/login HTTP/1.1" 500 62 "" "PostmanRuntime/7.28.2"
[2022-11-13T20:47:09.197] [ERROR] http - ::1 - - "POST /users/login HTTP/1.1" 500 62 "" "PostmanRuntime/7.28.2"
[2022-11-13T20:47:12.532] [ERROR] http - ::1 - - "POST /users/login HTTP/1.1" 500 62 "" "PostmanRuntime/7.28.2"
[2022-11-13T20:53:22.162] [ERROR] http - ::1 - - "POST /users/login HTTP/1.1" 500 62 "" "PostmanRuntime/7.28.2"
[2022-11-13T20:53:24.093] [ERROR] http - ::1 - - "POST /users/login HTTP/1.1" 500 62 "" "PostmanRuntime/7.28.2"
[2022-11-13T20:53:31.048] [ERROR] http - ::1 - - "POST /users/login HTTP/1.1" 400 102 "" "PostmanRuntime/7.28.2"
[2022-11-13T20:53:51.951] [ERROR] http - ::1 - - "POST /users/login HTTP/1.1" 500 62 "" "PostmanRuntime/7.28.2"
[2022-11-13T20:53:53.680] [ERROR] http - ::1 - - "POST /users/login HTTP/1.1" 500 62 "" "PostmanRuntime/7.28.2"
[2022-11-13T21:06:05.085] [ERROR] http - ::1 - - "POST /users/login HTTP/1.1" 500 62 "" "PostmanRuntime/7.28.2"
[2022-11-13T21:06:16.604] [INFO] http - ::1 - - "GET /articles/ HTTP/1.1" 200 7 "" "PostmanRuntime/7.28.2"
[2022-11-13T21:06:23.605] [ERROR] http - ::1 - - "POST /users/login HTTP/1.1" 500 62 "" "PostmanRuntime/7.28.2"
[2022-11-13T21:11:47.816] [ERROR] http - ::1 - - "POST /users/login HTTP/1.1" 400 81 "" "PostmanRuntime/7.28.2"
[2022-11-13T21:11:56.377] [ERROR] http - ::1 - - "POST /users/login HTTP/1.1" 500 75 "" "PostmanRuntime/7.28.2"
[2022-11-13T21:12:05.401] [ERROR] http - ::1 - - "POST /users/login HTTP/1.1" 500 75 "" "PostmanRuntime/7.28.2"
[2022-11-13T21:12:27.051] [ERROR] http - ::ffff:127.0.0.1 - - "POST /users/login HTTP/1.1" 400 75 "" "PostmanRuntime/7.28.2"
[2022-11-13T21:32:02.696] [ERROR] http - ::1 - - "POST /users/login HTTP/1.1" 400 75 "" "PostmanRuntime/7.28.2"
[2022-11-13T21:33:05.457] [ERROR] http - ::1 - - "POST /users/login HTTP/1.1" 400 75 "" "PostmanRuntime/7.28.2"
[2022-11-13T21:33:35.306] [ERROR] http - ::1 - - "POST /users/login HTTP/1.1" 400 75 "" "PostmanRuntime/7.28.2"
[2022-11-13T21:33:36.568] [ERROR] http - ::1 - - "POST /users/login HTTP/1.1" 400 75 "" "PostmanRuntime/7.28.2"
[2022-11-13T21:33:37.504] [ERROR] http - ::1 - - "POST /users/login HTTP/1.1" 400 75 "" "PostmanRuntime/7.28.2"
[2022-11-13T21:33:48.307] [ERROR] http - ::1 - - "POST /users/login HTTP/1.1" 400 75 "" "PostmanRuntime/7.28.2"
[2022-11-13T21:33:49.363] [ERROR] http - ::1 - - "POST /users/login HTTP/1.1" 400 75 "" "PostmanRuntime/7.28.2"
[2022-11-13T21:33:52.027] [ERROR] http - ::1 - - "POST /users/login HTTP/1.1" 400 75 "" "PostmanRuntime/7.28.2"
[2022-11-13T21:33:53.015] [ERROR] http - ::1 - - "POST /users/login HTTP/1.1" 400 75 "" "PostmanRuntime/7.28.2"
[2022-11-13T21:40:10.595] [ERROR] http - ::1 - - "POST /users/login HTTP/1.1" 400 75 "" "PostmanRuntime/7.28.2"
[2022-11-13T21:40:11.680] [ERROR] http - ::1 - - "POST /users/login HTTP/1.1" 400 75 "" "PostmanRuntime/7.28.2"
[2022-11-13T21:41:10.886] [ERROR] http - ::1 - - "POST /users/login HTTP/1.1" 400 75 "" "PostmanRuntime/7.28.2"
[2022-11-13T21:41:11.832] [ERROR] http - ::1 - - "POST /users/login HTTP/1.1" 400 75 "" "PostmanRuntime/7.28.2"
[2022-11-13T21:41:14.390] [ERROR] http - ::1 - - "POST /users/login HTTP/1.1" 400 75 "" "PostmanRuntime/7.28.2"
[2022-11-13T21:41:14.763] [ERROR] http - ::1 - - "POST /users/login HTTP/1.1" 400 75 "" "PostmanRuntime/7.28.2"
[2022-11-13T21:45:48.789] [ERROR] http - ::1 - - "POST /users/login HTTP/1.1" 400 75 "" "PostmanRuntime/7.28.2"
[2022-11-13T21:45:49.734] [ERROR] http - ::1 - - "POST /users/login HTTP/1.1" 400 75 "" "PostmanRuntime/7.28.2"
[2022-11-13T21:45:52.135] [ERROR] http - ::1 - - "POST /users/login HTTP/1.1" 400 75 "" "PostmanRuntime/7.28.2"
[2022-11-13T21:45:52.491] [ERROR] http - ::1 - - "POST /users/login HTTP/1.1" 400 75 "" "PostmanRuntime/7.28.2"
[2022-11-13T21:47:35.671] [INFO] http - ::1 - - "POST /users/login HTTP/1.1" 200 246 "" "PostmanRuntime/7.28.2"
[2022-11-13T22:08:24.344] [ERROR] http - ::1 - - "POST /articles/ HTTP/1.1" 401 59 "" "PostmanRuntime/7.28.2"
[2022-11-13T22:09:01.553] [ERROR] http - ::1 - - "POST /articles/?authentication=Bearer%20eyJhbGciOiJIUzI1NiIsInR5cCI6IkpXVCJ9.eyJpZCI6MywidXNlcm5hbWUiOiJ0ZXN0VXNlciIsImlhdCI6MTY2ODM0NzI1NSwiZXhwIjoxNjY4OTUyMDU1fQ.T0_gdUgCklvlXHuyY__UyQcMLFjaDIbokiJEPfQrOnk HTTP/1.1" 401 59 "" "PostmanRuntime/7.28.2"
[2022-11-13T22:09:14.814] [ERROR] http - ::1 - - "POST /articles/?authentication=Bearer%20eyJhbGciOiJIUzI1NiIsInR5cCI6IkpXVCJ9.eyJpZCI6MywidXNlcm5hbWUiOiJ0ZXN0VXNlciIsImlhdCI6MTY2ODM0NzI1NSwiZXhwIjoxNjY4OTUyMDU1fQ.T0_gdUgCklvlXHuyY__UyQcMLFjaDIbokiJEPfQrOnk HTTP/1.1" 401 59 "" "PostmanRuntime/7.28.2"
[2022-11-13T22:10:15.721] [ERROR] http - ::1 - - "POST /articles/?authorization=Bearer%20eyJhbGciOiJIUzI1NiIsInR5cCI6IkpXVCJ9.eyJpZCI6MywidXNlcm5hbWUiOiJ0ZXN0VXNlciIsImlhdCI6MTY2ODM0NzI1NSwiZXhwIjoxNjY4OTUyMDU1fQ.T0_gdUgCklvlXHuyY__UyQcMLFjaDIbokiJEPfQrOnk HTTP/1.1" 401 59 "" "PostmanRuntime/7.28.2"
[2022-11-13T22:10:16.926] [ERROR] http - ::1 - - "POST /articles/?authorization=Bearer%20eyJhbGciOiJIUzI1NiIsInR5cCI6IkpXVCJ9.eyJpZCI6MywidXNlcm5hbWUiOiJ0ZXN0VXNlciIsImlhdCI6MTY2ODM0NzI1NSwiZXhwIjoxNjY4OTUyMDU1fQ.T0_gdUgCklvlXHuyY__UyQcMLFjaDIbokiJEPfQrOnk HTTP/1.1" 401 59 "" "PostmanRuntime/7.28.2"
[2022-11-13T22:11:16.347] [INFO] http - ::1 - - "POST /articles/ HTTP/1.1" 200 30 "" "PostmanRuntime/7.28.2"
[2022-11-13T22:11:35.828] [INFO] http - ::1 - - "POST /articles/ HTTP/1.1" 200 30 "" "PostmanRuntime/7.28.2"
[2022-11-13T22:12:13.257] [INFO] http - ::1 - - "POST /articles/ HTTP/1.1" 200 111 "" "PostmanRuntime/7.28.2"
[2022-11-13T22:12:31.125] [INFO] http - ::ffff:127.0.0.1 - - "POST /articles/ HTTP/1.1" 200 30 "" "PostmanRuntime/7.28.2"
